Analysis & Synthesis report for NEANDER
Tue Feb 06 14:11:29 2024
Quartus II 64-Bit Version 13.1.0 Build 162 10/23/2013 SJ Web Edition


---------------------
; Table of Contents ;
---------------------
  1. Legal Notice
  2. Analysis & Synthesis Summary
  3. Analysis & Synthesis Settings
  4. Parallel Compilation
  5. Analysis & Synthesis Source Files Read
  6. Analysis & Synthesis Resource Usage Summary
  7. Analysis & Synthesis Resource Utilization by Entity
  8. Registers Removed During Synthesis
  9. General Register Statistics
 10. Multiplexer Restructuring Statistics (Restructuring Performed)
 11. Parameter Settings for User Entity Instance: ULA:inst2|BUSMUX:inst8
 12. Parameter Settings for User Entity Instance: ULA:inst2|BUSMUX:inst7
 13. Parameter Settings for User Entity Instance: ULA:inst2|BUSMUX:inst
 14. Parameter Settings for User Entity Instance: ULA:inst2|BUSMUX:inst4
 15. Elapsed Time Per Partition
 16. Analysis & Synthesis Messages



----------------
; Legal Notice ;
----------------
Copyright (C) 1991-2013 Altera Corporation
Your use of Altera Corporation's design tools, logic functions 
and other software and tools, and its AMPP partner logic 
functions, and any output files from any of the foregoing 
(including device programming or simulation files), and any 
associated documentation or information are expressly subject 
to the terms and conditions of the Altera Program License 
Subscription Agreement, Altera MegaCore Function License 
Agreement, or other applicable license agreement, including, 
without limitation, that your use is for the sole purpose of 
programming logic devices manufactured by Altera and sold by 
Altera or its authorized distributors.  Please refer to the 
applicable agreement for further details.



+---------------------------------------------------------------------------------+
; Analysis & Synthesis Summary                                                    ;
+------------------------------------+--------------------------------------------+
; Analysis & Synthesis Status        ; Successful - Tue Feb 06 14:11:29 2024      ;
; Quartus II 64-Bit Version          ; 13.1.0 Build 162 10/23/2013 SJ Web Edition ;
; Revision Name                      ; NEANDER                                    ;
; Top-level Entity Name              ; Projeto                                    ;
; Family                             ; Cyclone III                                ;
; Total logic elements               ; 184                                        ;
;     Total combinational functions  ; 180                                        ;
;     Dedicated logic registers      ; 65                                         ;
; Total registers                    ; 65                                         ;
; Total pins                         ; 102                                        ;
; Total virtual pins                 ; 0                                          ;
; Total memory bits                  ; 0                                          ;
; Embedded Multiplier 9-bit elements ; 0                                          ;
; Total PLLs                         ; 0                                          ;
+------------------------------------+--------------------------------------------+


+----------------------------------------------------------------------------------------------------------------------+
; Analysis & Synthesis Settings                                                                                        ;
+----------------------------------------------------------------------------+--------------------+--------------------+
; Option                                                                     ; Setting            ; Default Value      ;
+----------------------------------------------------------------------------+--------------------+--------------------+
; Device                                                                     ; EP3C16F484C6       ;                    ;
; Top-level entity name                                                      ; Projeto            ; NEANDER            ;
; Family name                                                                ; Cyclone III        ; Cyclone IV GX      ;
; Use smart compilation                                                      ; Off                ; Off                ;
; Enable parallel Assembler and TimeQuest Timing Analyzer during compilation ; On                 ; On                 ;
; Enable compact report table                                                ; Off                ; Off                ;
; Restructure Multiplexers                                                   ; Auto               ; Auto               ;
; Create Debugging Nodes for IP Cores                                        ; Off                ; Off                ;
; Preserve fewer node names                                                  ; On                 ; On                 ;
; Disable OpenCore Plus hardware evaluation                                  ; Off                ; Off                ;
; Verilog Version                                                            ; Verilog_2001       ; Verilog_2001       ;
; VHDL Version                                                               ; VHDL_1993          ; VHDL_1993          ;
; State Machine Processing                                                   ; Auto               ; Auto               ;
; Safe State Machine                                                         ; Off                ; Off                ;
; Extract Verilog State Machines                                             ; On                 ; On                 ;
; Extract VHDL State Machines                                                ; On                 ; On                 ;
; Ignore Verilog initial constructs                                          ; Off                ; Off                ;
; Iteration limit for constant Verilog loops                                 ; 5000               ; 5000               ;
; Iteration limit for non-constant Verilog loops                             ; 250                ; 250                ;
; Add Pass-Through Logic to Inferred RAMs                                    ; On                 ; On                 ;
; Infer RAMs from Raw Logic                                                  ; On                 ; On                 ;
; Parallel Synthesis                                                         ; On                 ; On                 ;
; DSP Block Balancing                                                        ; Auto               ; Auto               ;
; NOT Gate Push-Back                                                         ; On                 ; On                 ;
; Power-Up Don't Care                                                        ; On                 ; On                 ;
; Remove Redundant Logic Cells                                               ; Off                ; Off                ;
; Remove Duplicate Registers                                                 ; On                 ; On                 ;
; Ignore CARRY Buffers                                                       ; Off                ; Off                ;
; Ignore CASCADE Buffers                                                     ; Off                ; Off                ;
; Ignore GLOBAL Buffers                                                      ; Off                ; Off                ;
; Ignore ROW GLOBAL Buffers                                                  ; Off                ; Off                ;
; Ignore LCELL Buffers                                                       ; Off                ; Off                ;
; Ignore SOFT Buffers                                                        ; On                 ; On                 ;
; Limit AHDL Integers to 32 Bits                                             ; Off                ; Off                ;
; Optimization Technique                                                     ; Balanced           ; Balanced           ;
; Carry Chain Length                                                         ; 70                 ; 70                 ;
; Auto Carry Chains                                                          ; On                 ; On                 ;
; Auto Open-Drain Pins                                                       ; On                 ; On                 ;
; Perform WYSIWYG Primitive Resynthesis                                      ; Off                ; Off                ;
; Auto ROM Replacement                                                       ; On                 ; On                 ;
; Auto RAM Replacement                                                       ; On                 ; On                 ;
; Auto DSP Block Replacement                                                 ; On                 ; On                 ;
; Auto Shift Register Replacement                                            ; Auto               ; Auto               ;
; Allow Shift Register Merging across Hierarchies                            ; Auto               ; Auto               ;
; Auto Clock Enable Replacement                                              ; On                 ; On                 ;
; Strict RAM Replacement                                                     ; Off                ; Off                ;
; Allow Synchronous Control Signals                                          ; On                 ; On                 ;
; Force Use of Synchronous Clear Signals                                     ; Off                ; Off                ;
; Auto RAM Block Balancing                                                   ; On                 ; On                 ;
; Auto RAM to Logic Cell Conversion                                          ; Off                ; Off                ;
; Auto Resource Sharing                                                      ; Off                ; Off                ;
; Allow Any RAM Size For Recognition                                         ; Off                ; Off                ;
; Allow Any ROM Size For Recognition                                         ; Off                ; Off                ;
; Allow Any Shift Register Size For Recognition                              ; Off                ; Off                ;
; Use LogicLock Constraints during Resource Balancing                        ; On                 ; On                 ;
; Ignore translate_off and synthesis_off directives                          ; Off                ; Off                ;
; Timing-Driven Synthesis                                                    ; On                 ; On                 ;
; Report Parameter Settings                                                  ; On                 ; On                 ;
; Report Source Assignments                                                  ; On                 ; On                 ;
; Report Connectivity Checks                                                 ; On                 ; On                 ;
; Ignore Maximum Fan-Out Assignments                                         ; Off                ; Off                ;
; Synchronization Register Chain Length                                      ; 2                  ; 2                  ;
; PowerPlay Power Optimization                                               ; Normal compilation ; Normal compilation ;
; HDL message level                                                          ; Level2             ; Level2             ;
; Suppress Register Optimization Related Messages                            ; Off                ; Off                ;
; Number of Removed Registers Reported in Synthesis Report                   ; 5000               ; 5000               ;
; Number of Swept Nodes Reported in Synthesis Report                         ; 5000               ; 5000               ;
; Number of Inverted Registers Reported in Synthesis Report                  ; 100                ; 100                ;
; Clock MUX Protection                                                       ; On                 ; On                 ;
; Auto Gated Clock Conversion                                                ; Off                ; Off                ;
; Block Design Naming                                                        ; Auto               ; Auto               ;
; SDC constraint protection                                                  ; Off                ; Off                ;
; Synthesis Effort                                                           ; Auto               ; Auto               ;
; Shift Register Replacement - Allow Asynchronous Clear Signal               ; On                 ; On                 ;
; Pre-Mapping Resynthesis Optimization                                       ; Off                ; Off                ;
; Analysis & Synthesis Message Level                                         ; Medium             ; Medium             ;
; Disable Register Merging Across Hierarchies                                ; Auto               ; Auto               ;
; Resource Aware Inference For Block RAM                                     ; On                 ; On                 ;
; Synthesis Seed                                                             ; 1                  ; 1                  ;
+----------------------------------------------------------------------------+--------------------+--------------------+


Parallel compilation was disabled, but you have multiple processors available. Enable parallel compilation to reduce compilation time.
+-------------------------------------+
; Parallel Compilation                ;
+----------------------------+--------+
; Processors                 ; Number ;
+----------------------------+--------+
; Number detected on machine ; 2      ;
; Maximum allowed            ; 1      ;
+----------------------------+--------+


+-------------------------------------------------------------------------------------------------------------------------------------------------------------------+
; Analysis & Synthesis Source Files Read                                                                                                                            ;
+----------------------------------+-----------------+------------------------------------+---------------------------------------------------------------+---------+
; File Name with User-Entered Path ; Used in Netlist ; File Type                          ; File Name with Absolute Path                                  ; Library ;
+----------------------------------+-----------------+------------------------------------+---------------------------------------------------------------+---------+
; MUX_41.bdf                       ; yes             ; User Block Diagram/Schematic File  ; E:/NEANDER/MUX_41.bdf                                         ;         ;
; Display.bdf                      ; yes             ; User Block Diagram/Schematic File  ; E:/NEANDER/Display.bdf                                        ;         ;
; Divisor.bdf                      ; yes             ; User Block Diagram/Schematic File  ; E:/NEANDER/Divisor.bdf                                        ;         ;
; Decod.bdf                        ; yes             ; User Block Diagram/Schematic File  ; E:/NEANDER/Decod.bdf                                          ;         ;
; Temporizador.bdf                 ; yes             ; User Block Diagram/Schematic File  ; E:/NEANDER/Temporizador.bdf                                   ;         ;
; MUX21.bdf                        ; yes             ; User Block Diagram/Schematic File  ; E:/NEANDER/MUX21.bdf                                          ;         ;
; RCA.bdf                          ; yes             ; User Block Diagram/Schematic File  ; E:/NEANDER/RCA.bdf                                            ;         ;
; HA.bdf                           ; yes             ; User Block Diagram/Schematic File  ; E:/NEANDER/HA.bdf                                             ;         ;
; FA.bdf                           ; yes             ; User Block Diagram/Schematic File  ; E:/NEANDER/FA.bdf                                             ;         ;
; write.bdf                        ; yes             ; User Block Diagram/Schematic File  ; E:/NEANDER/write.bdf                                          ;         ;
; UnidadeControle.bdf              ; yes             ; User Block Diagram/Schematic File  ; E:/NEANDER/UnidadeControle.bdf                                ;         ;
; ULAcontrol.bdf                   ; yes             ; User Block Diagram/Schematic File  ; E:/NEANDER/ULAcontrol.bdf                                     ;         ;
; sel.bdf                          ; yes             ; User Block Diagram/Schematic File  ; E:/NEANDER/sel.bdf                                            ;         ;
; read.bdf                         ; yes             ; User Block Diagram/Schematic File  ; E:/NEANDER/read.bdf                                           ;         ;
; Projeto.bdf                      ; yes             ; User Block Diagram/Schematic File  ; E:/NEANDER/Projeto.bdf                                        ;         ;
; incrementa_PC.bdf                ; yes             ; User Block Diagram/Schematic File  ; E:/NEANDER/incrementa_PC.bdf                                  ;         ;
; goto_t0.bdf                      ; yes             ; User Block Diagram/Schematic File  ; E:/NEANDER/goto_t0.bdf                                        ;         ;
; Contador3bits.bdf                ; yes             ; User Block Diagram/Schematic File  ; E:/NEANDER/Contador3bits.bdf                                  ;         ;
; codULA.bdf                       ; yes             ; User Block Diagram/Schematic File  ; E:/NEANDER/codULA.bdf                                         ;         ;
; carga_RI.bdf                     ; yes             ; User Block Diagram/Schematic File  ; E:/NEANDER/carga_RI.bdf                                       ;         ;
; carga_REM.bdf                    ; yes             ; User Block Diagram/Schematic File  ; E:/NEANDER/carga_REM.bdf                                      ;         ;
; carga_RDM.bdf                    ; yes             ; User Block Diagram/Schematic File  ; E:/NEANDER/carga_RDM.bdf                                      ;         ;
; carga_PC.bdf                     ; yes             ; User Block Diagram/Schematic File  ; E:/NEANDER/carga_PC.bdf                                       ;         ;
; carga_AC.bdf                     ; yes             ; User Block Diagram/Schematic File  ; E:/NEANDER/carga_AC.bdf                                       ;         ;
; ULA.bdf                          ; yes             ; User Block Diagram/Schematic File  ; E:/NEANDER/ULA.bdf                                            ;         ;
; ROM.vhd                          ; yes             ; User VHDL File                     ; E:/NEANDER/ROM.vhd                                            ;         ;
; AC.bdf                           ; yes             ; User Block Diagram/Schematic File  ; E:/NEANDER/AC.bdf                                             ;         ;
; REM.bdf                          ; yes             ; User Block Diagram/Schematic File  ; E:/NEANDER/REM.bdf                                            ;         ;
; RDM.bdf                          ; yes             ; User Block Diagram/Schematic File  ; E:/NEANDER/RDM.bdf                                            ;         ;
; PC.bdf                           ; yes             ; User Block Diagram/Schematic File  ; E:/NEANDER/PC.bdf                                             ;         ;
; MUX218b.bdf                      ; yes             ; User Block Diagram/Schematic File  ; E:/NEANDER/MUX218b.bdf                                        ;         ;
; RegNZ.bdf                        ; yes             ; User Block Diagram/Schematic File  ; E:/NEANDER/RegNZ.bdf                                          ;         ;
; RI.bdf                           ; yes             ; User Block Diagram/Schematic File  ; E:/NEANDER/RI.bdf                                             ;         ;
; SegmentoG.bdf                    ; yes             ; User Block Diagram/Schematic File  ; E:/NEANDER/SegmentoG.bdf                                      ;         ;
; SegmentoF.bdf                    ; yes             ; User Block Diagram/Schematic File  ; E:/NEANDER/SegmentoF.bdf                                      ;         ;
; SegmentoE.bdf                    ; yes             ; User Block Diagram/Schematic File  ; E:/NEANDER/SegmentoE.bdf                                      ;         ;
; SegmentoD.bdf                    ; yes             ; User Block Diagram/Schematic File  ; E:/NEANDER/SegmentoD.bdf                                      ;         ;
; SegmentoC.bdf                    ; yes             ; User Block Diagram/Schematic File  ; E:/NEANDER/SegmentoC.bdf                                      ;         ;
; SegmentoB.bdf                    ; yes             ; User Block Diagram/Schematic File  ; E:/NEANDER/SegmentoB.bdf                                      ;         ;
; SegmentoA.bdf                    ; yes             ; User Block Diagram/Schematic File  ; E:/NEANDER/SegmentoA.bdf                                      ;         ;
; mux41.bdf                        ; yes             ; Megafunction                       ; c:/altera/13.1/quartus/libraries/others/maxplus2/mux41.bdf    ;         ;
; busmux.tdf                       ; yes             ; Megafunction                       ; c:/altera/13.1/quartus/libraries/megafunctions/busmux.tdf     ;         ;
; lpm_mux.inc                      ; yes             ; Megafunction                       ; c:/altera/13.1/quartus/libraries/megafunctions/lpm_mux.inc    ;         ;
; lpm_mux.tdf                      ; yes             ; Megafunction                       ; c:/altera/13.1/quartus/libraries/megafunctions/lpm_mux.tdf    ;         ;
; aglobal131.inc                   ; yes             ; Megafunction                       ; c:/altera/13.1/quartus/libraries/megafunctions/aglobal131.inc ;         ;
; muxlut.inc                       ; yes             ; Megafunction                       ; c:/altera/13.1/quartus/libraries/megafunctions/muxlut.inc     ;         ;
; bypassff.inc                     ; yes             ; Megafunction                       ; c:/altera/13.1/quartus/libraries/megafunctions/bypassff.inc   ;         ;
; altshift.inc                     ; yes             ; Megafunction                       ; c:/altera/13.1/quartus/libraries/megafunctions/altshift.inc   ;         ;
; db/mux_5qc.tdf                   ; yes             ; Auto-Generated Megafunction        ; E:/NEANDER/db/mux_5qc.tdf                                     ;         ;
+----------------------------------+-----------------+------------------------------------+---------------------------------------------------------------+---------+


+------------------------------------------------------------------+
; Analysis & Synthesis Resource Usage Summary                      ;
+---------------------------------------------+--------------------+
; Resource                                    ; Usage              ;
+---------------------------------------------+--------------------+
; Estimated Total logic elements              ; 184                ;
;                                             ;                    ;
; Total combinational functions               ; 180                ;
; Logic element usage by number of LUT inputs ;                    ;
;     -- 4 input functions                    ; 108                ;
;     -- 3 input functions                    ; 40                 ;
;     -- <=2 input functions                  ; 32                 ;
;                                             ;                    ;
; Logic elements by mode                      ;                    ;
;     -- normal mode                          ; 180                ;
;     -- arithmetic mode                      ; 0                  ;
;                                             ;                    ;
; Total registers                             ; 65                 ;
;     -- Dedicated logic registers            ; 65                 ;
;     -- I/O registers                        ; 0                  ;
;                                             ;                    ;
; I/O pins                                    ; 102                ;
; Embedded Multiplier 9-bit elements          ; 0                  ;
; Maximum fan-out node                        ; MUX21:inst18|inst2 ;
; Maximum fan-out                             ; 42                 ;
; Total fan-out                               ; 1005               ;
; Average fan-out                             ; 2.24               ;
+---------------------------------------------+--------------------+


+-----------------------------------------------------------------------------------------------------------------------------------------------------------------------------------------------------------------------------------------+
; Analysis & Synthesis Resource Utilization by Entity                                                                                                                                                                                     ;
+--------------------------------------+-------------------+--------------+-------------+--------------+---------+-----------+------+--------------+-----------------------------------------------------------------------+--------------+
; Compilation Hierarchy Node           ; LC Combinationals ; LC Registers ; Memory Bits ; DSP Elements ; DSP 9x9 ; DSP 18x18 ; Pins ; Virtual Pins ; Full Hierarchy Name                                                   ; Library Name ;
+--------------------------------------+-------------------+--------------+-------------+--------------+---------+-----------+------+--------------+-----------------------------------------------------------------------+--------------+
; |Projeto                             ; 180 (0)           ; 65 (0)       ; 0           ; 0            ; 0       ; 0         ; 102  ; 0            ; |Projeto                                                              ; work         ;
;    |AC:inst5|                        ; 0 (0)             ; 8 (8)        ; 0           ; 0            ; 0       ; 0         ; 0    ; 0            ; |Projeto|AC:inst5                                                     ; work         ;
;    |Decod:inst14|                    ; 11 (11)           ; 0 (0)        ; 0           ; 0            ; 0       ; 0         ; 0    ; 0            ; |Projeto|Decod:inst14                                                 ; work         ;
;    |Display:inst15|                  ; 7 (0)             ; 0 (0)        ; 0           ; 0            ; 0       ; 0         ; 0    ; 0            ; |Projeto|Display:inst15                                               ; work         ;
;       |SegmentoA:inst5|              ; 1 (1)             ; 0 (0)        ; 0           ; 0            ; 0       ; 0         ; 0    ; 0            ; |Projeto|Display:inst15|SegmentoA:inst5                               ; work         ;
;       |SegmentoB:inst|               ; 1 (1)             ; 0 (0)        ; 0           ; 0            ; 0       ; 0         ; 0    ; 0            ; |Projeto|Display:inst15|SegmentoB:inst                                ; work         ;
;       |SegmentoC:inst2|              ; 1 (1)             ; 0 (0)        ; 0           ; 0            ; 0       ; 0         ; 0    ; 0            ; |Projeto|Display:inst15|SegmentoC:inst2                               ; work         ;
;       |SegmentoD:inst3|              ; 1 (1)             ; 0 (0)        ; 0           ; 0            ; 0       ; 0         ; 0    ; 0            ; |Projeto|Display:inst15|SegmentoD:inst3                               ; work         ;
;       |SegmentoE:inst1|              ; 1 (1)             ; 0 (0)        ; 0           ; 0            ; 0       ; 0         ; 0    ; 0            ; |Projeto|Display:inst15|SegmentoE:inst1                               ; work         ;
;       |SegmentoF:inst4|              ; 1 (1)             ; 0 (0)        ; 0           ; 0            ; 0       ; 0         ; 0    ; 0            ; |Projeto|Display:inst15|SegmentoF:inst4                               ; work         ;
;       |SegmentoG:inst6|              ; 1 (1)             ; 0 (0)        ; 0           ; 0            ; 0       ; 0         ; 0    ; 0            ; |Projeto|Display:inst15|SegmentoG:inst6                               ; work         ;
;    |Display:inst16|                  ; 7 (0)             ; 0 (0)        ; 0           ; 0            ; 0       ; 0         ; 0    ; 0            ; |Projeto|Display:inst16                                               ; work         ;
;       |SegmentoA:inst5|              ; 1 (1)             ; 0 (0)        ; 0           ; 0            ; 0       ; 0         ; 0    ; 0            ; |Projeto|Display:inst16|SegmentoA:inst5                               ; work         ;
;       |SegmentoB:inst|               ; 1 (1)             ; 0 (0)        ; 0           ; 0            ; 0       ; 0         ; 0    ; 0            ; |Projeto|Display:inst16|SegmentoB:inst                                ; work         ;
;       |SegmentoC:inst2|              ; 1 (1)             ; 0 (0)        ; 0           ; 0            ; 0       ; 0         ; 0    ; 0            ; |Projeto|Display:inst16|SegmentoC:inst2                               ; work         ;
;       |SegmentoD:inst3|              ; 1 (1)             ; 0 (0)        ; 0           ; 0            ; 0       ; 0         ; 0    ; 0            ; |Projeto|Display:inst16|SegmentoD:inst3                               ; work         ;
;       |SegmentoE:inst1|              ; 1 (1)             ; 0 (0)        ; 0           ; 0            ; 0       ; 0         ; 0    ; 0            ; |Projeto|Display:inst16|SegmentoE:inst1                               ; work         ;
;       |SegmentoF:inst4|              ; 1 (1)             ; 0 (0)        ; 0           ; 0            ; 0       ; 0         ; 0    ; 0            ; |Projeto|Display:inst16|SegmentoF:inst4                               ; work         ;
;       |SegmentoG:inst6|              ; 1 (1)             ; 0 (0)        ; 0           ; 0            ; 0       ; 0         ; 0    ; 0            ; |Projeto|Display:inst16|SegmentoG:inst6                               ; work         ;
;    |Display:inst17|                  ; 7 (0)             ; 0 (0)        ; 0           ; 0            ; 0       ; 0         ; 0    ; 0            ; |Projeto|Display:inst17                                               ; work         ;
;       |SegmentoA:inst5|              ; 1 (1)             ; 0 (0)        ; 0           ; 0            ; 0       ; 0         ; 0    ; 0            ; |Projeto|Display:inst17|SegmentoA:inst5                               ; work         ;
;       |SegmentoB:inst|               ; 1 (1)             ; 0 (0)        ; 0           ; 0            ; 0       ; 0         ; 0    ; 0            ; |Projeto|Display:inst17|SegmentoB:inst                                ; work         ;
;       |SegmentoC:inst2|              ; 1 (1)             ; 0 (0)        ; 0           ; 0            ; 0       ; 0         ; 0    ; 0            ; |Projeto|Display:inst17|SegmentoC:inst2                               ; work         ;
;       |SegmentoD:inst3|              ; 1 (1)             ; 0 (0)        ; 0           ; 0            ; 0       ; 0         ; 0    ; 0            ; |Projeto|Display:inst17|SegmentoD:inst3                               ; work         ;
;       |SegmentoE:inst1|              ; 1 (1)             ; 0 (0)        ; 0           ; 0            ; 0       ; 0         ; 0    ; 0            ; |Projeto|Display:inst17|SegmentoE:inst1                               ; work         ;
;       |SegmentoF:inst4|              ; 1 (1)             ; 0 (0)        ; 0           ; 0            ; 0       ; 0         ; 0    ; 0            ; |Projeto|Display:inst17|SegmentoF:inst4                               ; work         ;
;       |SegmentoG:inst6|              ; 1 (1)             ; 0 (0)        ; 0           ; 0            ; 0       ; 0         ; 0    ; 0            ; |Projeto|Display:inst17|SegmentoG:inst6                               ; work         ;
;    |Display:inst9|                   ; 7 (0)             ; 0 (0)        ; 0           ; 0            ; 0       ; 0         ; 0    ; 0            ; |Projeto|Display:inst9                                                ; work         ;
;       |SegmentoA:inst5|              ; 1 (1)             ; 0 (0)        ; 0           ; 0            ; 0       ; 0         ; 0    ; 0            ; |Projeto|Display:inst9|SegmentoA:inst5                                ; work         ;
;       |SegmentoB:inst|               ; 1 (1)             ; 0 (0)        ; 0           ; 0            ; 0       ; 0         ; 0    ; 0            ; |Projeto|Display:inst9|SegmentoB:inst                                 ; work         ;
;       |SegmentoC:inst2|              ; 1 (1)             ; 0 (0)        ; 0           ; 0            ; 0       ; 0         ; 0    ; 0            ; |Projeto|Display:inst9|SegmentoC:inst2                                ; work         ;
;       |SegmentoD:inst3|              ; 1 (1)             ; 0 (0)        ; 0           ; 0            ; 0       ; 0         ; 0    ; 0            ; |Projeto|Display:inst9|SegmentoD:inst3                                ; work         ;
;       |SegmentoE:inst1|              ; 1 (1)             ; 0 (0)        ; 0           ; 0            ; 0       ; 0         ; 0    ; 0            ; |Projeto|Display:inst9|SegmentoE:inst1                                ; work         ;
;       |SegmentoF:inst4|              ; 1 (1)             ; 0 (0)        ; 0           ; 0            ; 0       ; 0         ; 0    ; 0            ; |Projeto|Display:inst9|SegmentoF:inst4                                ; work         ;
;       |SegmentoG:inst6|              ; 1 (1)             ; 0 (0)        ; 0           ; 0            ; 0       ; 0         ; 0    ; 0            ; |Projeto|Display:inst9|SegmentoG:inst6                                ; work         ;
;    |Divisor:inst23|                  ; 24 (24)           ; 24 (24)      ; 0           ; 0            ; 0       ; 0         ; 0    ; 0            ; |Projeto|Divisor:inst23                                               ; work         ;
;    |MUX21:inst18|                    ; 1 (1)             ; 0 (0)        ; 0           ; 0            ; 0       ; 0         ; 0    ; 0            ; |Projeto|MUX21:inst18                                                 ; work         ;
;    |PC:inst8|                        ; 17 (9)            ; 8 (8)        ; 0           ; 0            ; 0       ; 0         ; 0    ; 0            ; |Projeto|PC:inst8                                                     ; work         ;
;       |MUX_41:inst14|                ; 1 (0)             ; 0 (0)        ; 0           ; 0            ; 0       ; 0         ; 0    ; 0            ; |Projeto|PC:inst8|MUX_41:inst14                                       ; work         ;
;          |mux41:inst|                ; 1 (1)             ; 0 (0)        ; 0           ; 0            ; 0       ; 0         ; 0    ; 0            ; |Projeto|PC:inst8|MUX_41:inst14|mux41:inst                            ; work         ;
;       |MUX_41:inst15|                ; 1 (0)             ; 0 (0)        ; 0           ; 0            ; 0       ; 0         ; 0    ; 0            ; |Projeto|PC:inst8|MUX_41:inst15                                       ; work         ;
;          |mux41:inst|                ; 1 (1)             ; 0 (0)        ; 0           ; 0            ; 0       ; 0         ; 0    ; 0            ; |Projeto|PC:inst8|MUX_41:inst15|mux41:inst                            ; work         ;
;       |MUX_41:inst16|                ; 1 (0)             ; 0 (0)        ; 0           ; 0            ; 0       ; 0         ; 0    ; 0            ; |Projeto|PC:inst8|MUX_41:inst16                                       ; work         ;
;          |mux41:inst|                ; 1 (1)             ; 0 (0)        ; 0           ; 0            ; 0       ; 0         ; 0    ; 0            ; |Projeto|PC:inst8|MUX_41:inst16|mux41:inst                            ; work         ;
;       |MUX_41:inst26|                ; 1 (0)             ; 0 (0)        ; 0           ; 0            ; 0       ; 0         ; 0    ; 0            ; |Projeto|PC:inst8|MUX_41:inst26                                       ; work         ;
;          |mux41:inst|                ; 1 (1)             ; 0 (0)        ; 0           ; 0            ; 0       ; 0         ; 0    ; 0            ; |Projeto|PC:inst8|MUX_41:inst26|mux41:inst                            ; work         ;
;       |MUX_41:inst36|                ; 1 (0)             ; 0 (0)        ; 0           ; 0            ; 0       ; 0         ; 0    ; 0            ; |Projeto|PC:inst8|MUX_41:inst36                                       ; work         ;
;          |mux41:inst|                ; 1 (1)             ; 0 (0)        ; 0           ; 0            ; 0       ; 0         ; 0    ; 0            ; |Projeto|PC:inst8|MUX_41:inst36|mux41:inst                            ; work         ;
;       |MUX_41:inst41|                ; 1 (0)             ; 0 (0)        ; 0           ; 0            ; 0       ; 0         ; 0    ; 0            ; |Projeto|PC:inst8|MUX_41:inst41                                       ; work         ;
;          |mux41:inst|                ; 1 (1)             ; 0 (0)        ; 0           ; 0            ; 0       ; 0         ; 0    ; 0            ; |Projeto|PC:inst8|MUX_41:inst41|mux41:inst                            ; work         ;
;       |MUX_41:inst5|                 ; 1 (0)             ; 0 (0)        ; 0           ; 0            ; 0       ; 0         ; 0    ; 0            ; |Projeto|PC:inst8|MUX_41:inst5                                        ; work         ;
;          |mux41:inst|                ; 1 (1)             ; 0 (0)        ; 0           ; 0            ; 0       ; 0         ; 0    ; 0            ; |Projeto|PC:inst8|MUX_41:inst5|mux41:inst                             ; work         ;
;       |MUX_41:inst6|                 ; 1 (0)             ; 0 (0)        ; 0           ; 0            ; 0       ; 0         ; 0    ; 0            ; |Projeto|PC:inst8|MUX_41:inst6                                        ; work         ;
;          |mux41:inst|                ; 1 (1)             ; 0 (0)        ; 0           ; 0            ; 0       ; 0         ; 0    ; 0            ; |Projeto|PC:inst8|MUX_41:inst6|mux41:inst                             ; work         ;
;    |RDM:inst7|                       ; 0 (0)             ; 8 (8)        ; 0           ; 0            ; 0       ; 0         ; 0    ; 0            ; |Projeto|RDM:inst7                                                    ; work         ;
;    |REM:inst6|                       ; 8 (0)             ; 8 (8)        ; 0           ; 0            ; 0       ; 0         ; 0    ; 0            ; |Projeto|REM:inst6                                                    ; work         ;
;       |MUX21:inst11|                 ; 1 (1)             ; 0 (0)        ; 0           ; 0            ; 0       ; 0         ; 0    ; 0            ; |Projeto|REM:inst6|MUX21:inst11                                       ; work         ;
;       |MUX21:inst13|                 ; 1 (1)             ; 0 (0)        ; 0           ; 0            ; 0       ; 0         ; 0    ; 0            ; |Projeto|REM:inst6|MUX21:inst13                                       ; work         ;
;       |MUX21:inst15|                 ; 1 (1)             ; 0 (0)        ; 0           ; 0            ; 0       ; 0         ; 0    ; 0            ; |Projeto|REM:inst6|MUX21:inst15                                       ; work         ;
;       |MUX21:inst17|                 ; 1 (1)             ; 0 (0)        ; 0           ; 0            ; 0       ; 0         ; 0    ; 0            ; |Projeto|REM:inst6|MUX21:inst17                                       ; work         ;
;       |MUX21:inst3|                  ; 1 (1)             ; 0 (0)        ; 0           ; 0            ; 0       ; 0         ; 0    ; 0            ; |Projeto|REM:inst6|MUX21:inst3                                        ; work         ;
;       |MUX21:inst5|                  ; 1 (1)             ; 0 (0)        ; 0           ; 0            ; 0       ; 0         ; 0    ; 0            ; |Projeto|REM:inst6|MUX21:inst5                                        ; work         ;
;       |MUX21:inst7|                  ; 1 (1)             ; 0 (0)        ; 0           ; 0            ; 0       ; 0         ; 0    ; 0            ; |Projeto|REM:inst6|MUX21:inst7                                        ; work         ;
;       |MUX21:inst9|                  ; 1 (1)             ; 0 (0)        ; 0           ; 0            ; 0       ; 0         ; 0    ; 0            ; |Projeto|REM:inst6|MUX21:inst9                                        ; work         ;
;    |RI:inst13|                       ; 0 (0)             ; 4 (4)        ; 0           ; 0            ; 0       ; 0         ; 0    ; 0            ; |Projeto|RI:inst13                                                    ; work         ;
;    |ROM:inst3|                       ; 18 (18)           ; 0 (0)        ; 0           ; 0            ; 0       ; 0         ; 0    ; 0            ; |Projeto|ROM:inst3                                                    ; work         ;
;    |RegNZ:inst11|                    ; 0 (0)             ; 1 (1)        ; 0           ; 0            ; 0       ; 0         ; 0    ; 0            ; |Projeto|RegNZ:inst11                                                 ; work         ;
;    |Temporizador:inst4|              ; 8 (1)             ; 4 (1)        ; 0           ; 0            ; 0       ; 0         ; 0    ; 0            ; |Projeto|Temporizador:inst4                                           ; work         ;
;       |Contador3bits:2|              ; 7 (6)             ; 3 (3)        ; 0           ; 0            ; 0       ; 0         ; 0    ; 0            ; |Projeto|Temporizador:inst4|Contador3bits:2                           ; work         ;
;          |MUX21:inst1|               ; 1 (1)             ; 0 (0)        ; 0           ; 0            ; 0       ; 0         ; 0    ; 0            ; |Projeto|Temporizador:inst4|Contador3bits:2|MUX21:inst1               ; work         ;
;    |ULA:inst2|                       ; 38 (3)            ; 0 (0)        ; 0           ; 0            ; 0       ; 0         ; 0    ; 0            ; |Projeto|ULA:inst2                                                    ; work         ;
;       |RCA:inst2|                    ; 7 (0)             ; 0 (0)        ; 0           ; 0            ; 0       ; 0         ; 0    ; 0            ; |Projeto|ULA:inst2|RCA:inst2                                          ; work         ;
;          |FA:inst2|                  ; 1 (1)             ; 0 (0)        ; 0           ; 0            ; 0       ; 0         ; 0    ; 0            ; |Projeto|ULA:inst2|RCA:inst2|FA:inst2                                 ; work         ;
;          |FA:inst3|                  ; 2 (2)             ; 0 (0)        ; 0           ; 0            ; 0       ; 0         ; 0    ; 0            ; |Projeto|ULA:inst2|RCA:inst2|FA:inst3                                 ; work         ;
;          |FA:inst4|                  ; 1 (1)             ; 0 (0)        ; 0           ; 0            ; 0       ; 0         ; 0    ; 0            ; |Projeto|ULA:inst2|RCA:inst2|FA:inst4                                 ; work         ;
;          |FA:inst5|                  ; 1 (1)             ; 0 (0)        ; 0           ; 0            ; 0       ; 0         ; 0    ; 0            ; |Projeto|ULA:inst2|RCA:inst2|FA:inst5                                 ; work         ;
;          |FA:inst6|                  ; 2 (2)             ; 0 (0)        ; 0           ; 0            ; 0       ; 0         ; 0    ; 0            ; |Projeto|ULA:inst2|RCA:inst2|FA:inst6                                 ; work         ;
;       |busmux:inst8|                 ; 28 (0)            ; 0 (0)        ; 0           ; 0            ; 0       ; 0         ; 0    ; 0            ; |Projeto|ULA:inst2|busmux:inst8                                       ; work         ;
;          |lpm_mux:$00000|            ; 28 (0)            ; 0 (0)        ; 0           ; 0            ; 0       ; 0         ; 0    ; 0            ; |Projeto|ULA:inst2|busmux:inst8|lpm_mux:$00000                        ; work         ;
;             |mux_5qc:auto_generated| ; 28 (28)           ; 0 (0)        ; 0           ; 0            ; 0       ; 0         ; 0    ; 0            ; |Projeto|ULA:inst2|busmux:inst8|lpm_mux:$00000|mux_5qc:auto_generated ; work         ;
;    |UnidadeControle:inst|            ; 25 (0)            ; 0 (0)        ; 0           ; 0            ; 0       ; 0         ; 0    ; 0            ; |Projeto|UnidadeControle:inst                                         ; work         ;
;       |ULAcontrol:inst12|            ; 4 (4)             ; 0 (0)        ; 0           ; 0            ; 0       ; 0         ; 0    ; 0            ; |Projeto|UnidadeControle:inst|ULAcontrol:inst12                       ; work         ;
;       |carga_AC:inst10|              ; 3 (3)             ; 0 (0)        ; 0           ; 0            ; 0       ; 0         ; 0    ; 0            ; |Projeto|UnidadeControle:inst|carga_AC:inst10                         ; work         ;
;       |carga_PC:inst11|              ; 1 (1)             ; 0 (0)        ; 0           ; 0            ; 0       ; 0         ; 0    ; 0            ; |Projeto|UnidadeControle:inst|carga_PC:inst11                         ; work         ;
;       |carga_RDM:inst5|              ; 2 (2)             ; 0 (0)        ; 0           ; 0            ; 0       ; 0         ; 0    ; 0            ; |Projeto|UnidadeControle:inst|carga_RDM:inst5                         ; work         ;
;       |carga_REM:inst|               ; 7 (7)             ; 0 (0)        ; 0           ; 0            ; 0       ; 0         ; 0    ; 0            ; |Projeto|UnidadeControle:inst|carga_REM:inst                          ; work         ;
;       |goto_t0:goto|                 ; 3 (3)             ; 0 (0)        ; 0           ; 0            ; 0       ; 0         ; 0    ; 0            ; |Projeto|UnidadeControle:inst|goto_t0:goto                            ; work         ;
;       |incrementa_PC:inst17|         ; 2 (2)             ; 0 (0)        ; 0           ; 0            ; 0       ; 0         ; 0    ; 0            ; |Projeto|UnidadeControle:inst|incrementa_PC:inst17                    ; work         ;
;       |read:inst6|                   ; 2 (2)             ; 0 (0)        ; 0           ; 0            ; 0       ; 0         ; 0    ; 0            ; |Projeto|UnidadeControle:inst|read:inst6                              ; work         ;
;       |write:inst7|                  ; 1 (1)             ; 0 (0)        ; 0           ; 0            ; 0       ; 0         ; 0    ; 0            ; |Projeto|UnidadeControle:inst|write:inst7                             ; work         ;
;    |codULA:inst1|                    ; 2 (2)             ; 0 (0)        ; 0           ; 0            ; 0       ; 0         ; 0    ; 0            ; |Projeto|codULA:inst1                                                 ; work         ;
+--------------------------------------+-------------------+--------------+-------------+--------------+---------+-----------+------+--------------+-----------------------------------------------------------------------+--------------+
Note: For table entries with two numbers listed, the numbers in parentheses indicate the number of resources of the given type used by the specific entity alone. The numbers listed outside of parentheses indicate the total resources of the given type used by the specific entity and all of its sub-entities in the hierarchy.


+---------------------------------------------------------------------+
; Registers Removed During Synthesis                                  ;
+---------------------------------------+-----------------------------+
; Register name                         ; Reason for Removal          ;
+---------------------------------------+-----------------------------+
; RegNZ:inst12|inst                     ; Merged with AC:inst5|inst16 ;
; Total Number of Removed Registers = 1 ;                             ;
+---------------------------------------+-----------------------------+


+------------------------------------------------------+
; General Register Statistics                          ;
+----------------------------------------------+-------+
; Statistic                                    ; Value ;
+----------------------------------------------+-------+
; Total registers                              ; 65    ;
; Number of registers using Synchronous Clear  ; 0     ;
; Number of registers using Synchronous Load   ; 7     ;
; Number of registers using Asynchronous Clear ; 41    ;
; Number of registers using Asynchronous Load  ; 0     ;
; Number of registers using Clock Enable       ; 29    ;
; Number of registers using Preset             ; 0     ;
+----------------------------------------------+-------+


+----------------------------------------------------------------------------------------------------------------------------------------------------------------------------------------------------+
; Multiplexer Restructuring Statistics (Restructuring Performed)                                                                                                                                     ;
+--------------------+-----------+---------------+----------------------+------------------------+------------+--------------------------------------------------------------------------------------+
; Multiplexer Inputs ; Bus Width ; Baseline Area ; Area if Restructured ; Saving if Restructured ; Registered ; Example Multiplexer Output                                                           ;
+--------------------+-----------+---------------+----------------------+------------------------+------------+--------------------------------------------------------------------------------------+
; 3:1                ; 8 bits    ; 16 LEs        ; 8 LEs                ; 8 LEs                  ; Yes        ; |Projeto|REM:inst6|inst16                                                            ;
; 5:1                ; 8 bits    ; 24 LEs        ; 24 LEs               ; 0 LEs                  ; No         ; |Projeto|ULA:inst2|busmux:inst8|lpm_mux:$00000|mux_5qc:auto_generated|result_node[7] ;
+--------------------+-----------+---------------+----------------------+------------------------+------------+--------------------------------------------------------------------------------------+


+---------------------------------------------------------------------+
; Parameter Settings for User Entity Instance: ULA:inst2|BUSMUX:inst8 ;
+----------------+-------+--------------------------------------------+
; Parameter Name ; Value ; Type                                       ;
+----------------+-------+--------------------------------------------+
; WIDTH          ; 8     ; Untyped                                    ;
+----------------+-------+--------------------------------------------+
Note: In order to hide this table in the UI and the text report file, please set the "Show Parameter Settings in Synthesis Report" option in "Analysis and Synthesis Settings -> More Settings" to "Off".


+---------------------------------------------------------------------+
; Parameter Settings for User Entity Instance: ULA:inst2|BUSMUX:inst7 ;
+----------------+-------+--------------------------------------------+
; Parameter Name ; Value ; Type                                       ;
+----------------+-------+--------------------------------------------+
; WIDTH          ; 8     ; Untyped                                    ;
+----------------+-------+--------------------------------------------+
Note: In order to hide this table in the UI and the text report file, please set the "Show Parameter Settings in Synthesis Report" option in "Analysis and Synthesis Settings -> More Settings" to "Off".


+--------------------------------------------------------------------+
; Parameter Settings for User Entity Instance: ULA:inst2|BUSMUX:inst ;
+----------------+-------+-------------------------------------------+
; Parameter Name ; Value ; Type                                      ;
+----------------+-------+-------------------------------------------+
; WIDTH          ; 8     ; Untyped                                   ;
+----------------+-------+-------------------------------------------+
Note: In order to hide this table in the UI and the text report file, please set the "Show Parameter Settings in Synthesis Report" option in "Analysis and Synthesis Settings -> More Settings" to "Off".


+---------------------------------------------------------------------+
; Parameter Settings for User Entity Instance: ULA:inst2|BUSMUX:inst4 ;
+----------------+-------+--------------------------------------------+
; Parameter Name ; Value ; Type                                       ;
+----------------+-------+--------------------------------------------+
; WIDTH          ; 8     ; Untyped                                    ;
+----------------+-------+--------------------------------------------+
Note: In order to hide this table in the UI and the text report file, please set the "Show Parameter Settings in Synthesis Report" option in "Analysis and Synthesis Settings -> More Settings" to "Off".


+-------------------------------+
; Elapsed Time Per Partition    ;
+----------------+--------------+
; Partition Name ; Elapsed Time ;
+----------------+--------------+
; Top            ; 00:00:01     ;
+----------------+--------------+


+-------------------------------+
; Analysis & Synthesis Messages ;
+-------------------------------+
Info: *******************************************************************
Info: Running Quartus II 64-Bit Analysis & Synthesis
    Info: Version 13.1.0 Build 162 10/23/2013 SJ Web Edition
    Info: Processing started: Tue Feb 06 14:11:16 2024
Info: Command: quartus_map --read_settings_files=on --write_settings_files=off NEANDER -c NEANDER
Warning (20028): Parallel compilation is not licensed and has been disabled
Info (12021): Found 1 design units, including 1 entities, in source file mux_41.bdf
    Info (12023): Found entity 1: MUX_41
Info (12021): Found 1 design units, including 1 entities, in source file display.bdf
    Info (12023): Found entity 1: Display
Info (12021): Found 1 design units, including 1 entities, in source file divisor.bdf
    Info (12023): Found entity 1: Divisor
Info (12021): Found 1 design units, including 1 entities, in source file decod.bdf
    Info (12023): Found entity 1: Decod
Info (12021): Found 1 design units, including 1 entities, in source file temporizador.bdf
    Info (12023): Found entity 1: Temporizador
Info (12021): Found 1 design units, including 1 entities, in source file mux21.bdf
    Info (12023): Found entity 1: MUX21
Info (12021): Found 1 design units, including 1 entities, in source file rca.bdf
    Info (12023): Found entity 1: RCA
Info (12021): Found 1 design units, including 1 entities, in source file ha.bdf
    Info (12023): Found entity 1: HA
Info (12021): Found 1 design units, including 1 entities, in source file fa.bdf
    Info (12023): Found entity 1: FA
Info (12021): Found 1 design units, including 1 entities, in source file write.bdf
    Info (12023): Found entity 1: write
Info (12021): Found 1 design units, including 1 entities, in source file unidadecontrole.bdf
    Info (12023): Found entity 1: UnidadeControle
Info (12021): Found 1 design units, including 1 entities, in source file ulacontrol.bdf
    Info (12023): Found entity 1: ULAcontrol
Info (12021): Found 1 design units, including 1 entities, in source file sel.bdf
    Info (12023): Found entity 1: sel
Info (12021): Found 1 design units, including 1 entities, in source file read.bdf
    Info (12023): Found entity 1: read
Info (12021): Found 1 design units, including 1 entities, in source file projeto.bdf
    Info (12023): Found entity 1: Projeto
Info (12021): Found 1 design units, including 1 entities, in source file incrementa_pc.bdf
    Info (12023): Found entity 1: incrementa_PC
Info (12021): Found 1 design units, including 1 entities, in source file incrementa pc.bdf
    Info (12023): Found entity 1: incrementa PC
Info (12021): Found 1 design units, including 1 entities, in source file goto_t0.bdf
    Info (12023): Found entity 1: goto_t0
Info (12021): Found 1 design units, including 1 entities, in source file contador3bits.bdf
    Info (12023): Found entity 1: Contador3bits
Info (12021): Found 1 design units, including 1 entities, in source file codula.bdf
    Info (12023): Found entity 1: codULA
Info (12021): Found 1 design units, including 1 entities, in source file carga_ri.bdf
    Info (12023): Found entity 1: carga_RI
Info (12021): Found 1 design units, including 1 entities, in source file carga_rem.bdf
    Info (12023): Found entity 1: carga_REM
Info (12021): Found 1 design units, including 1 entities, in source file carga_rdm.bdf
    Info (12023): Found entity 1: carga_RDM
Info (12021): Found 1 design units, including 1 entities, in source file carga_pc.bdf
    Info (12023): Found entity 1: carga_PC
Info (12021): Found 1 design units, including 1 entities, in source file carga_ac.bdf
    Info (12023): Found entity 1: carga_AC
Info (12021): Found 1 design units, including 1 entities, in source file ula.bdf
    Info (12023): Found entity 1: ULA
Info (12021): Found 2 design units, including 1 entities, in source file rom.vhd
    Info (12022): Found design unit 1: ROM-arch
    Info (12023): Found entity 1: ROM
Info (12021): Found 1 design units, including 1 entities, in source file ac.bdf
    Info (12023): Found entity 1: AC
Info (12021): Found 1 design units, including 1 entities, in source file rem.bdf
    Info (12023): Found entity 1: REM
Info (12021): Found 1 design units, including 1 entities, in source file rdm.bdf
    Info (12023): Found entity 1: RDM
Info (12021): Found 1 design units, including 1 entities, in source file pc.bdf
    Info (12023): Found entity 1: PC
Info (12021): Found 1 design units, including 1 entities, in source file mux218b.bdf
    Info (12023): Found entity 1: MUX218b
Info (12021): Found 1 design units, including 1 entities, in source file regnz.bdf
    Info (12023): Found entity 1: RegNZ
Info (12021): Found 1 design units, including 1 entities, in source file ri.bdf
    Info (12023): Found entity 1: RI
Info (12021): Found 1 design units, including 1 entities, in source file segmentog.bdf
    Info (12023): Found entity 1: SegmentoG
Info (12021): Found 1 design units, including 1 entities, in source file segmentof.bdf
    Info (12023): Found entity 1: SegmentoF
Info (12021): Found 1 design units, including 1 entities, in source file segmentoe.bdf
    Info (12023): Found entity 1: SegmentoE
Info (12021): Found 1 design units, including 1 entities, in source file segmentod.bdf
    Info (12023): Found entity 1: SegmentoD
Info (12021): Found 1 design units, including 1 entities, in source file segmentoc.bdf
    Info (12023): Found entity 1: SegmentoC
Info (12021): Found 1 design units, including 1 entities, in source file segmentob.bdf
    Info (12023): Found entity 1: SegmentoB
Info (12021): Found 1 design units, including 1 entities, in source file segmentoa.bdf
    Info (12023): Found entity 1: SegmentoA
Info (12127): Elaborating entity "Projeto" for the top level hierarchy
Info (12128): Elaborating entity "UnidadeControle" for hierarchy "UnidadeControle:inst"
Info (12128): Elaborating entity "carga_REM" for hierarchy "UnidadeControle:inst|carga_REM:inst"
Info (12128): Elaborating entity "carga_RI" for hierarchy "UnidadeControle:inst|carga_RI:inst2"
Info (12128): Elaborating entity "sel" for hierarchy "UnidadeControle:inst|sel:inst4"
Info (12128): Elaborating entity "carga_RDM" for hierarchy "UnidadeControle:inst|carga_RDM:inst5"
Info (12128): Elaborating entity "read" for hierarchy "UnidadeControle:inst|read:inst6"
Info (12128): Elaborating entity "write" for hierarchy "UnidadeControle:inst|write:inst7"
Info (12128): Elaborating entity "carga_AC" for hierarchy "UnidadeControle:inst|carga_AC:inst10"
Info (12128): Elaborating entity "carga_PC" for hierarchy "UnidadeControle:inst|carga_PC:inst11"
Info (12128): Elaborating entity "goto_t0" for hierarchy "UnidadeControle:inst|goto_t0:goto"
Info (12128): Elaborating entity "ULAcontrol" for hierarchy "UnidadeControle:inst|ULAcontrol:inst12"
Info (12128): Elaborating entity "incrementa_PC" for hierarchy "UnidadeControle:inst|incrementa_PC:inst17"
Info (12128): Elaborating entity "Temporizador" for hierarchy "Temporizador:inst4"
Info (12128): Elaborating entity "Contador3bits" for hierarchy "Temporizador:inst4|Contador3bits:2"
Info (12128): Elaborating entity "MUX21" for hierarchy "Temporizador:inst4|Contador3bits:2|MUX21:inst1"
Info (12128): Elaborating entity "Decod" for hierarchy "Decod:inst14"
Info (12128): Elaborating entity "RI" for hierarchy "RI:inst13"
Info (12128): Elaborating entity "Divisor" for hierarchy "Divisor:inst23"
Info (12128): Elaborating entity "RDM" for hierarchy "RDM:inst7"
Info (12128): Elaborating entity "ROM" for hierarchy "ROM:inst3"
Info (12128): Elaborating entity "REM" for hierarchy "REM:inst6"
Info (12128): Elaborating entity "MUX218b" for hierarchy "MUX218b:inst10"
Info (12128): Elaborating entity "PC" for hierarchy "PC:inst8"
Info (12128): Elaborating entity "MUX_41" for hierarchy "PC:inst8|MUX_41:inst15"
Info (12128): Elaborating entity "MUX41" for hierarchy "PC:inst8|MUX_41:inst15|MUX41:inst"
Info (12130): Elaborated megafunction instantiation "PC:inst8|MUX_41:inst15|MUX41:inst"
Info (12128): Elaborating entity "RegNZ" for hierarchy "RegNZ:inst12"
Info (12128): Elaborating entity "ULA" for hierarchy "ULA:inst2"
Info (12128): Elaborating entity "BUSMUX" for hierarchy "ULA:inst2|BUSMUX:inst8"
Info (12130): Elaborated megafunction instantiation "ULA:inst2|BUSMUX:inst8"
Info (12133): Instantiated megafunction "ULA:inst2|BUSMUX:inst8" with the following parameter:
    Info (12134): Parameter "WIDTH" = "8"
Info (12128): Elaborating entity "lpm_mux" for hierarchy "ULA:inst2|BUSMUX:inst8|lpm_mux:$00000"
Info (12131): Elaborated megafunction instantiation "ULA:inst2|BUSMUX:inst8|lpm_mux:$00000", which is child of megafunction instantiation "ULA:inst2|BUSMUX:inst8"
Info (12021): Found 1 design units, including 1 entities, in source file db/mux_5qc.tdf
    Info (12023): Found entity 1: mux_5qc
Info (12128): Elaborating entity "mux_5qc" for hierarchy "ULA:inst2|BUSMUX:inst8|lpm_mux:$00000|mux_5qc:auto_generated"
Info (12128): Elaborating entity "RCA" for hierarchy "ULA:inst2|RCA:inst2"
Info (12128): Elaborating entity "FA" for hierarchy "ULA:inst2|RCA:inst2|FA:inst8"
Info (12128): Elaborating entity "HA" for hierarchy "ULA:inst2|RCA:inst2|HA:inst"
Info (12128): Elaborating entity "AC" for hierarchy "AC:inst5"
Info (12128): Elaborating entity "codULA" for hierarchy "codULA:inst1"
Warning (275009): Pin "ADD" not connected
Info (12128): Elaborating entity "Display" for hierarchy "Display:inst17"
Info (12128): Elaborating entity "SegmentoB" for hierarchy "Display:inst17|SegmentoB:inst"
Info (12128): Elaborating entity "SegmentoC" for hierarchy "Display:inst17|SegmentoC:inst2"
Info (12128): Elaborating entity "SegmentoD" for hierarchy "Display:inst17|SegmentoD:inst3"
Info (12128): Elaborating entity "SegmentoF" for hierarchy "Display:inst17|SegmentoF:inst4"
Info (12128): Elaborating entity "SegmentoE" for hierarchy "Display:inst17|SegmentoE:inst1"
Info (12128): Elaborating entity "SegmentoG" for hierarchy "Display:inst17|SegmentoG:inst6"
Info (12128): Elaborating entity "SegmentoA" for hierarchy "Display:inst17|SegmentoA:inst5"
Warning (19016): Clock multiplexers are found and protected
    Warning (19017): Found clock multiplexer MUX21:inst18|inst2~0
Info (286030): Timing-Driven Synthesis is running
Info (16010): Generating hard_block partition "hard_block:auto_generated_inst"
    Info (16011): Adding 0 node(s), including 0 DDIO, 0 PLL, 0 transceiver and 0 LCELL
Info (21057): Implemented 302 device resources after synthesis - the final resource count might be different
    Info (21058): Implemented 4 input pins
    Info (21059): Implemented 98 output pins
    Info (21061): Implemented 200 logic cells
Info: Quartus II 64-Bit Analysis & Synthesis was successful. 0 errors, 4 warnings
    Info: Peak virtual memory: 4667 megabytes
    Info: Processing ended: Tue Feb 06 14:11:30 2024
    Info: Elapsed time: 00:00:14
    Info: Total CPU time (on all processors): 00:00:05


